<?xml version="1.0" encoding="UTF-8"?>
<!-- Generated by org.testng.reporters.JUnitReportReporter -->
<testsuite skipped="0" hostname="SB-IN-PYEKMD6N" name="tests.SampleApi" tests="2" failures="0" timestamp="2021-03-04T22:56:51 IST" time="6.547" errors="0">
  <testcase name="test_1_getsingleuserinfo" time="2.520" classname="tests.SampleApi"/>
  <system-out/>
  <testcase name="test_2_userinfo" time="4.027" classname="tests.SampleApi"/>
  <system-out/>
</testsuite> <!-- tests.SampleApi -->
