<?xml version="1.0" encoding="UTF-8"?>
<testsuite xmlns:xsi="http://www.w3.org/2001/XMLSchema-instance" xsi:noNamespaceSchemaLocation="https://maven.apache.org/surefire/maven-surefire-plugin/xsd/surefire-test-report-3.0.xsd" version="3.0" name="runner.TestRunner2" time="4.587" tests="0" errors="0" skipped="0" failures="0">
  <properties>
    <property name="gopherProxySet" value="false"/>
    <property name="awt.toolkit" value="sun.lwawt.macosx.LWCToolkit"/>
    <property name="file.encoding.pkg" value="sun.io"/>
    <property name="java.specification.version" value="1.8"/>
    <property name="sun.cpu.isalist" value=""/>
    <property name="sun.jnu.encoding" value="UTF-8"/>
    <property name="java.class.path" value="/Applications/jagadeesh/learning/RestAssuredAutomation/target/test-classes:/Applications/jagadeesh/learning/RestAssuredAutomation/target/classes:/Users/jagadeesh.madhura/.m2/repository/junit/junit/4.12/junit-4.12.jar:/Users/jagadeesh.madhura/.m2/repository/org/hamcrest/hamcrest-core/1.3/hamcrest-core-1.3.jar:/Users/jagadeesh.madhura/.m2/repository/log4j/log4j/1.2.17/log4j-1.2.17.jar:/Users/jagadeesh.madhura/.m2/repository/io/rest-assured/rest-assured/4.3.0/rest-assured-4.3.0.jar:/Users/jagadeesh.madhura/.m2/repository/org/codehaus/groovy/groovy/3.0.2/groovy-3.0.2.jar:/Users/jagadeesh.madhura/.m2/repository/org/codehaus/groovy/groovy-xml/3.0.2/groovy-xml-3.0.2.jar:/Users/jagadeesh.madhura/.m2/repository/org/apache/httpcomponents/httpclient/4.5.3/httpclient-4.5.3.jar:/Users/jagadeesh.madhura/.m2/repository/org/apache/httpcomponents/httpcore/4.4.6/httpcore-4.4.6.jar:/Users/jagadeesh.madhura/.m2/repository/commons-logging/commons-logging/1.2/commons-logging-1.2.jar:/Users/jagadeesh.madhura/.m2/repository/commons-codec/commons-codec/1.9/commons-codec-1.9.jar:/Users/jagadeesh.madhura/.m2/repository/org/apache/httpcomponents/httpmime/4.5.3/httpmime-4.5.3.jar:/Users/jagadeesh.madhura/.m2/repository/org/hamcrest/hamcrest/2.1/hamcrest-2.1.jar:/Users/jagadeesh.madhura/.m2/repository/org/ccil/cowan/tagsoup/tagsoup/1.2.1/tagsoup-1.2.1.jar:/Users/jagadeesh.madhura/.m2/repository/io/rest-assured/json-path/4.3.0/json-path-4.3.0.jar:/Users/jagadeesh.madhura/.m2/repository/org/codehaus/groovy/groovy-json/3.0.2/groovy-json-3.0.2.jar:/Users/jagadeesh.madhura/.m2/repository/io/rest-assured/rest-assured-common/4.3.0/rest-assured-common-4.3.0.jar:/Users/jagadeesh.madhura/.m2/repository/io/rest-assured/xml-path/4.3.0/xml-path-4.3.0.jar:/Users/jagadeesh.madhura/.m2/repository/org/apache/commons/commons-lang3/3.4/commons-lang3-3.4.jar:/Users/jagadeesh.madhura/.m2/repository/jakarta/xml/bind/jakarta.xml.bind-api/2.3.2/jakarta.xml.bind-api-2.3.2.jar:/Users/jagadeesh.madhura/.m2/repository/jakarta/activation/jakarta.activation-api/1.2.1/jakarta.activation-api-1.2.1.jar:/Users/jagadeesh.madhura/.m2/repository/com/sun/xml/bind/jaxb-osgi/2.3.0.1/jaxb-osgi-2.3.0.1.jar:/Users/jagadeesh.madhura/.m2/repository/org/apache/sling/org.apache.sling.javax.activation/0.1.0/org.apache.sling.javax.activation-0.1.0.jar:/Users/jagadeesh.madhura/.m2/repository/javax/activation/activation/1.1.1/activation-1.1.1.jar:/Users/jagadeesh.madhura/.m2/repository/org/testng/testng/7.1.0/testng-7.1.0.jar:/Users/jagadeesh.madhura/.m2/repository/com/beust/jcommander/1.72/jcommander-1.72.jar:/Users/jagadeesh.madhura/.m2/repository/com/google/inject/guice/4.1.0/guice-4.1.0-no_aop.jar:/Users/jagadeesh.madhura/.m2/repository/javax/inject/javax.inject/1/javax.inject-1.jar:/Users/jagadeesh.madhura/.m2/repository/aopalliance/aopalliance/1.0/aopalliance-1.0.jar:/Users/jagadeesh.madhura/.m2/repository/com/google/guava/guava/19.0/guava-19.0.jar:/Users/jagadeesh.madhura/.m2/repository/org/yaml/snakeyaml/1.21/snakeyaml-1.21.jar:/Users/jagadeesh.madhura/.m2/repository/com/googlecode/json-simple/json-simple/1.1.1/json-simple-1.1.1.jar:/Users/jagadeesh.madhura/.m2/repository/io/cucumber/cucumber-junit/6.10.0/cucumber-junit-6.10.0.jar:/Users/jagadeesh.madhura/.m2/repository/org/apiguardian/apiguardian-api/1.1.1/apiguardian-api-1.1.1.jar:/Users/jagadeesh.madhura/.m2/repository/io/cucumber/cucumber-core/6.10.0/cucumber-core-6.10.0.jar:/Users/jagadeesh.madhura/.m2/repository/io/cucumber/cucumber-gherkin/6.10.0/cucumber-gherkin-6.10.0.jar:/Users/jagadeesh.madhura/.m2/repository/io/cucumber/cucumber-gherkin-messages/6.10.0/cucumber-gherkin-messages-6.10.0.jar:/Users/jagadeesh.madhura/.m2/repository/io/cucumber/messages/14.0.1/messages-14.0.1.jar:/Users/jagadeesh.madhura/.m2/repository/io/cucumber/tag-expressions/3.0.0/tag-expressions-3.0.0.jar:/Users/jagadeesh.madhura/.m2/repository/io/cucumber/cucumber-expressions/10.3.0/cucumber-expressions-10.3.0.jar:/Users/jagadeesh.madhura/.m2/repository/io/cucumber/datatable/3.5.0/datatable-3.5.0.jar:/Users/jagadeesh.madhura/.m2/repository/io/cucumber/cucumber-plugin/6.10.0/cucumber-plugin-6.10.0.jar:/Users/jagadeesh.madhura/.m2/repository/io/cucumber/docstring/6.10.0/docstring-6.10.0.jar:/Users/jagadeesh.madhura/.m2/repository/io/cucumber/html-formatter/12.0.0/html-formatter-12.0.0.jar:/Users/jagadeesh.madhura/.m2/repository/io/cucumber/create-meta/3.0.0/create-meta-3.0.0.jar:/Users/jagadeesh.madhura/.m2/repository/info/cukes/cucumber-junit/1.2.5/cucumber-junit-1.2.5.jar:/Users/jagadeesh.madhura/.m2/repository/info/cukes/cucumber-core/1.2.5/cucumber-core-1.2.5.jar:/Users/jagadeesh.madhura/.m2/repository/info/cukes/cucumber-html/0.2.3/cucumber-html-0.2.3.jar:/Users/jagadeesh.madhura/.m2/repository/info/cukes/cucumber-testng/1.2.5/cucumber-testng-1.2.5.jar:/Users/jagadeesh.madhura/.m2/repository/info/cukes/cucumber-java/1.2.5/cucumber-java-1.2.5.jar:/Users/jagadeesh.madhura/.m2/repository/info/cukes/cucumber-jvm-deps/1.0.5/cucumber-jvm-deps-1.0.5.jar:/Users/jagadeesh.madhura/.m2/repository/info/cukes/cucumber-picocontainer/1.2.5/cucumber-picocontainer-1.2.5.jar:/Users/jagadeesh.madhura/.m2/repository/info/cukes/gherkin/2.12.2/gherkin-2.12.2.jar:/Users/jagadeesh.madhura/.m2/repository/org/picocontainer/picocontainer/2.15/picocontainer-2.15.jar:/Users/jagadeesh.madhura/.m2/repository/org/json/json/20151123/json-20151123.jar:/Users/jagadeesh.madhura/.m2/repository/com/relevantcodes/extentreports/2.41.1/extentreports-2.41.1.jar:/Users/jagadeesh.madhura/.m2/repository/org/jsoup/jsoup/1.8.3/jsoup-1.8.3.jar:/Users/jagadeesh.madhura/.m2/repository/org/xerial/sqlite-jdbc/3.8.11.1/sqlite-jdbc-3.8.11.1.jar:/Users/jagadeesh.madhura/.m2/repository/org/freemarker/freemarker/2.3.23/freemarker-2.3.23.jar:/Users/jagadeesh.madhura/.m2/repository/org/mongodb/mongodb-driver/3.0.4/mongodb-driver-3.0.4.jar:/Users/jagadeesh.madhura/.m2/repository/org/mongodb/bson/3.0.4/bson-3.0.4.jar:/Users/jagadeesh.madhura/.m2/repository/org/mongodb/mongodb-driver-core/3.0.4/mongodb-driver-core-3.0.4.jar:/Users/jagadeesh.madhura/.m2/repository/com/aventstack/extentreports/3.1.2/extentreports-3.1.2.jar:/Users/jagadeesh.madhura/.m2/repository/com/google/code/gson/gson/2.8.0/gson-2.8.0.jar:/Users/jagadeesh.madhura/.m2/repository/com/vimalselvam/cucumber-extentsreport/3.0.2/cucumber-extentsreport-3.0.2.jar:"/>
    <property name="java.vm.vendor" value="Oracle Corporation"/>
    <property name="sun.arch.data.model" value="64"/>
    <property name="java.vendor.url" value="http://java.oracle.com/"/>
    <property name="user.timezone" value="Asia/Kolkata"/>
    <property name="java.vm.specification.version" value="1.8"/>
    <property name="os.name" value="Mac OS X"/>
    <property name="user.country" value="IN"/>
    <property name="sun.java.launcher" value="SUN_STANDARD"/>
    <property name="sun.boot.library.path" value="/Library/Java/JavaVirtualMachines/jdk1.8.0_241.jdk/Contents/Home/jre/lib"/>
    <property name="sun.java.command" value="/Applications/jagadeesh/learning/RestAssuredAutomation/target/surefire/surefirebooter8983541949642511930.jar /Applications/jagadeesh/learning/RestAssuredAutomation/target/surefire 2021-03-05T22-52-18_027-jvmRun2 surefire1588167351388521086tmp surefire_02376758151495601167tmp"/>
    <property name="http.nonProxyHosts" value="local|*.local|169.254/16|*.169.254/16"/>
    <property name="surefire.test.class.path" value="/Applications/jagadeesh/learning/RestAssuredAutomation/target/test-classes:/Applications/jagadeesh/learning/RestAssuredAutomation/target/classes:/Users/jagadeesh.madhura/.m2/repository/junit/junit/4.12/junit-4.12.jar:/Users/jagadeesh.madhura/.m2/repository/org/hamcrest/hamcrest-core/1.3/hamcrest-core-1.3.jar:/Users/jagadeesh.madhura/.m2/repository/log4j/log4j/1.2.17/log4j-1.2.17.jar:/Users/jagadeesh.madhura/.m2/repository/io/rest-assured/rest-assured/4.3.0/rest-assured-4.3.0.jar:/Users/jagadeesh.madhura/.m2/repository/org/codehaus/groovy/groovy/3.0.2/groovy-3.0.2.jar:/Users/jagadeesh.madhura/.m2/repository/org/codehaus/groovy/groovy-xml/3.0.2/groovy-xml-3.0.2.jar:/Users/jagadeesh.madhura/.m2/repository/org/apache/httpcomponents/httpclient/4.5.3/httpclient-4.5.3.jar:/Users/jagadeesh.madhura/.m2/repository/org/apache/httpcomponents/httpcore/4.4.6/httpcore-4.4.6.jar:/Users/jagadeesh.madhura/.m2/repository/commons-logging/commons-logging/1.2/commons-logging-1.2.jar:/Users/jagadeesh.madhura/.m2/repository/commons-codec/commons-codec/1.9/commons-codec-1.9.jar:/Users/jagadeesh.madhura/.m2/repository/org/apache/httpcomponents/httpmime/4.5.3/httpmime-4.5.3.jar:/Users/jagadeesh.madhura/.m2/repository/org/hamcrest/hamcrest/2.1/hamcrest-2.1.jar:/Users/jagadeesh.madhura/.m2/repository/org/ccil/cowan/tagsoup/tagsoup/1.2.1/tagsoup-1.2.1.jar:/Users/jagadeesh.madhura/.m2/repository/io/rest-assured/json-path/4.3.0/json-path-4.3.0.jar:/Users/jagadeesh.madhura/.m2/repository/org/codehaus/groovy/groovy-json/3.0.2/groovy-json-3.0.2.jar:/Users/jagadeesh.madhura/.m2/repository/io/rest-assured/rest-assured-common/4.3.0/rest-assured-common-4.3.0.jar:/Users/jagadeesh.madhura/.m2/repository/io/rest-assured/xml-path/4.3.0/xml-path-4.3.0.jar:/Users/jagadeesh.madhura/.m2/repository/org/apache/commons/commons-lang3/3.4/commons-lang3-3.4.jar:/Users/jagadeesh.madhura/.m2/repository/jakarta/xml/bind/jakarta.xml.bind-api/2.3.2/jakarta.xml.bind-api-2.3.2.jar:/Users/jagadeesh.madhura/.m2/repository/jakarta/activation/jakarta.activation-api/1.2.1/jakarta.activation-api-1.2.1.jar:/Users/jagadeesh.madhura/.m2/repository/com/sun/xml/bind/jaxb-osgi/2.3.0.1/jaxb-osgi-2.3.0.1.jar:/Users/jagadeesh.madhura/.m2/repository/org/apache/sling/org.apache.sling.javax.activation/0.1.0/org.apache.sling.javax.activation-0.1.0.jar:/Users/jagadeesh.madhura/.m2/repository/javax/activation/activation/1.1.1/activation-1.1.1.jar:/Users/jagadeesh.madhura/.m2/repository/org/testng/testng/7.1.0/testng-7.1.0.jar:/Users/jagadeesh.madhura/.m2/repository/com/beust/jcommander/1.72/jcommander-1.72.jar:/Users/jagadeesh.madhura/.m2/repository/com/google/inject/guice/4.1.0/guice-4.1.0-no_aop.jar:/Users/jagadeesh.madhura/.m2/repository/javax/inject/javax.inject/1/javax.inject-1.jar:/Users/jagadeesh.madhura/.m2/repository/aopalliance/aopalliance/1.0/aopalliance-1.0.jar:/Users/jagadeesh.madhura/.m2/repository/com/google/guava/guava/19.0/guava-19.0.jar:/Users/jagadeesh.madhura/.m2/repository/org/yaml/snakeyaml/1.21/snakeyaml-1.21.jar:/Users/jagadeesh.madhura/.m2/repository/com/googlecode/json-simple/json-simple/1.1.1/json-simple-1.1.1.jar:/Users/jagadeesh.madhura/.m2/repository/io/cucumber/cucumber-junit/6.10.0/cucumber-junit-6.10.0.jar:/Users/jagadeesh.madhura/.m2/repository/org/apiguardian/apiguardian-api/1.1.1/apiguardian-api-1.1.1.jar:/Users/jagadeesh.madhura/.m2/repository/io/cucumber/cucumber-core/6.10.0/cucumber-core-6.10.0.jar:/Users/jagadeesh.madhura/.m2/repository/io/cucumber/cucumber-gherkin/6.10.0/cucumber-gherkin-6.10.0.jar:/Users/jagadeesh.madhura/.m2/repository/io/cucumber/cucumber-gherkin-messages/6.10.0/cucumber-gherkin-messages-6.10.0.jar:/Users/jagadeesh.madhura/.m2/repository/io/cucumber/messages/14.0.1/messages-14.0.1.jar:/Users/jagadeesh.madhura/.m2/repository/io/cucumber/tag-expressions/3.0.0/tag-expressions-3.0.0.jar:/Users/jagadeesh.madhura/.m2/repository/io/cucumber/cucumber-expressions/10.3.0/cucumber-expressions-10.3.0.jar:/Users/jagadeesh.madhura/.m2/repository/io/cucumber/datatable/3.5.0/datatable-3.5.0.jar:/Users/jagadeesh.madhura/.m2/repository/io/cucumber/cucumber-plugin/6.10.0/cucumber-plugin-6.10.0.jar:/Users/jagadeesh.madhura/.m2/repository/io/cucumber/docstring/6.10.0/docstring-6.10.0.jar:/Users/jagadeesh.madhura/.m2/repository/io/cucumber/html-formatter/12.0.0/html-formatter-12.0.0.jar:/Users/jagadeesh.madhura/.m2/repository/io/cucumber/create-meta/3.0.0/create-meta-3.0.0.jar:/Users/jagadeesh.madhura/.m2/repository/info/cukes/cucumber-junit/1.2.5/cucumber-junit-1.2.5.jar:/Users/jagadeesh.madhura/.m2/repository/info/cukes/cucumber-core/1.2.5/cucumber-core-1.2.5.jar:/Users/jagadeesh.madhura/.m2/repository/info/cukes/cucumber-html/0.2.3/cucumber-html-0.2.3.jar:/Users/jagadeesh.madhura/.m2/repository/info/cukes/cucumber-testng/1.2.5/cucumber-testng-1.2.5.jar:/Users/jagadeesh.madhura/.m2/repository/info/cukes/cucumber-java/1.2.5/cucumber-java-1.2.5.jar:/Users/jagadeesh.madhura/.m2/repository/info/cukes/cucumber-jvm-deps/1.0.5/cucumber-jvm-deps-1.0.5.jar:/Users/jagadeesh.madhura/.m2/repository/info/cukes/cucumber-picocontainer/1.2.5/cucumber-picocontainer-1.2.5.jar:/Users/jagadeesh.madhura/.m2/repository/info/cukes/gherkin/2.12.2/gherkin-2.12.2.jar:/Users/jagadeesh.madhura/.m2/repository/org/picocontainer/picocontainer/2.15/picocontainer-2.15.jar:/Users/jagadeesh.madhura/.m2/repository/org/json/json/20151123/json-20151123.jar:/Users/jagadeesh.madhura/.m2/repository/com/relevantcodes/extentreports/2.41.1/extentreports-2.41.1.jar:/Users/jagadeesh.madhura/.m2/repository/org/jsoup/jsoup/1.8.3/jsoup-1.8.3.jar:/Users/jagadeesh.madhura/.m2/repository/org/xerial/sqlite-jdbc/3.8.11.1/sqlite-jdbc-3.8.11.1.jar:/Users/jagadeesh.madhura/.m2/repository/org/freemarker/freemarker/2.3.23/freemarker-2.3.23.jar:/Users/jagadeesh.madhura/.m2/repository/org/mongodb/mongodb-driver/3.0.4/mongodb-driver-3.0.4.jar:/Users/jagadeesh.madhura/.m2/repository/org/mongodb/bson/3.0.4/bson-3.0.4.jar:/Users/jagadeesh.madhura/.m2/repository/org/mongodb/mongodb-driver-core/3.0.4/mongodb-driver-core-3.0.4.jar:/Users/jagadeesh.madhura/.m2/repository/com/aventstack/extentreports/3.1.2/extentreports-3.1.2.jar:/Users/jagadeesh.madhura/.m2/repository/com/google/code/gson/gson/2.8.0/gson-2.8.0.jar:/Users/jagadeesh.madhura/.m2/repository/com/vimalselvam/cucumber-extentsreport/3.0.2/cucumber-extentsreport-3.0.2.jar:"/>
    <property name="sun.cpu.endian" value="little"/>
    <property name="user.home" value="/Users/jagadeesh.madhura"/>
    <property name="user.language" value="en"/>
    <property name="java.specification.vendor" value="Oracle Corporation"/>
    <property name="java.home" value="/Library/Java/JavaVirtualMachines/jdk1.8.0_241.jdk/Contents/Home/jre"/>
    <property name="basedir" value="/Applications/jagadeesh/learning/RestAssuredAutomation"/>
    <property name="file.separator" value="/"/>
    <property name="line.separator" value="&#10;"/>
    <property name="java.vm.specification.vendor" value="Oracle Corporation"/>
    <property name="java.specification.name" value="Java Platform API Specification"/>
    <property name="java.awt.graphicsenv" value="sun.awt.CGraphicsEnvironment"/>
    <property name="surefire.real.class.path" value="/Applications/jagadeesh/learning/RestAssuredAutomation/target/surefire/surefirebooter8983541949642511930.jar"/>
    <property name="sun.boot.class.path" value="/Library/Java/JavaVirtualMachines/jdk1.8.0_241.jdk/Contents/Home/jre/lib/resources.jar:/Library/Java/JavaVirtualMachines/jdk1.8.0_241.jdk/Contents/Home/jre/lib/rt.jar:/Library/Java/JavaVirtualMachines/jdk1.8.0_241.jdk/Contents/Home/jre/lib/sunrsasign.jar:/Library/Java/JavaVirtualMachines/jdk1.8.0_241.jdk/Contents/Home/jre/lib/jsse.jar:/Library/Java/JavaVirtualMachines/jdk1.8.0_241.jdk/Contents/Home/jre/lib/jce.jar:/Library/Java/JavaVirtualMachines/jdk1.8.0_241.jdk/Contents/Home/jre/lib/charsets.jar:/Library/Java/JavaVirtualMachines/jdk1.8.0_241.jdk/Contents/Home/jre/lib/jfr.jar:/Library/Java/JavaVirtualMachines/jdk1.8.0_241.jdk/Contents/Home/jre/classes"/>
    <property name="sun.management.compiler" value="HotSpot 64-Bit Tiered Compilers"/>
    <property name="ftp.nonProxyHosts" value="local|*.local|169.254/16|*.169.254/16"/>
    <property name="java.runtime.version" value="1.8.0_241-b07"/>
    <property name="user.name" value="jagadeesh.madhura"/>
    <property name="path.separator" value=":"/>
    <property name="os.version" value="10.15.6"/>
    <property name="java.endorsed.dirs" value="/Library/Java/JavaVirtualMachines/jdk1.8.0_241.jdk/Contents/Home/jre/lib/endorsed"/>
    <property name="java.runtime.name" value="Java(TM) SE Runtime Environment"/>
    <property name="file.encoding" value="UTF-8"/>
    <property name="java.vm.name" value="Java HotSpot(TM) 64-Bit Server VM"/>
    <property name="localRepository" value="/Users/jagadeesh.madhura/.m2/repository"/>
    <property name="java.vendor.url.bug" value="http://bugreport.sun.com/bugreport/"/>
    <property name="java.io.tmpdir" value="/var/folders/w1/7yn1hpws3qv82rd2qyjzb1mnh4ztm6/T/"/>
    <property name="java.version" value="1.8.0_241"/>
    <property name="user.dir" value="/Applications/jagadeesh/learning/RestAssuredAutomation"/>
    <property name="os.arch" value="x86_64"/>
    <property name="java.vm.specification.name" value="Java Virtual Machine Specification"/>
    <property name="java.awt.printerjob" value="sun.lwawt.macosx.CPrinterJob"/>
    <property name="sun.os.patch.level" value="unknown"/>
    <property name="java.library.path" value="/Users/jagadeesh.madhura/Library/Java/Extensions:/Library/Java/Extensions:/Network/Library/Java/Extensions:/System/Library/Java/Extensions:/usr/lib/java:."/>
    <property name="java.vm.info" value="mixed mode"/>
    <property name="java.vendor" value="Oracle Corporation"/>
    <property name="java.vm.version" value="25.241-b07"/>
    <property name="java.ext.dirs" value="/Users/jagadeesh.madhura/Library/Java/Extensions:/Library/Java/JavaVirtualMachines/jdk1.8.0_241.jdk/Contents/Home/jre/lib/ext:/Library/Java/Extensions:/Network/Library/Java/Extensions:/System/Library/Java/Extensions:/usr/lib/java"/>
    <property name="sun.io.unicode.encoding" value="UnicodeBig"/>
    <property name="java.class.version" value="52.0"/>
    <property name="socksNonProxyHosts" value="local|*.local|169.254/16|*.169.254/16"/>
  </properties>
</testsuite>