<?xml version="1.0" encoding="UTF-8"?>
<!-- Generated by org.testng.reporters.JUnitReportReporter -->
<testsuite skipped="0" hostname="SB-IN-PYEKMD6N" name="tests.SampleApi2" tests="1" failures="0" timestamp="2021-03-04T23:39:30 IST" time="2.387" errors="0">
  <testcase name="createuser" time="2.387" classname="tests.SampleApi2"/>
  <system-out/>
</testsuite> <!-- tests.SampleApi2 -->
