<?xml version="1.0" encoding="UTF-8"?>
<!-- Generated by org.testng.reporters.JUnitReportReporter -->
<testsuite skipped="0" hostname="SB-IN-PYEKMD6N" name="tests.SampleApiAutomation" tests="6" failures="0" timestamp="2021-03-05T21:49:05 IST" time="8.580" errors="0">
  <testcase name="test_2b_listusers" time="1.039" classname="tests.SampleApiAutomation"/>
  <system-out/>
  <testcase name="test_3b_updateapi" time="1.022" classname="tests.SampleApiAutomation"/>
  <system-out/>
  <testcase name="test1_createuser" time="3.151" classname="tests.SampleApiAutomation"/>
  <system-out/>
  <testcase name="test_4_deleteapi" time="0.997" classname="tests.SampleApiAutomation"/>
  <system-out/>
  <testcase name="test2a_singleuser" time="1.359" classname="tests.SampleApiAutomation"/>
  <system-out/>
  <testcase name="test_3a_updateapi" time="1.012" classname="tests.SampleApiAutomation"/>
  <system-out/>
</testsuite> <!-- tests.SampleApiAutomation -->
